Application/build/intermediates/manifest_merge_blame_file/debug/manifest-merger-blame-debug-report.txt
1<?xml version="1.0" encoding="utf-8"?>
2<manifest xmlns:android="http://schemas.android.com/apk/res/android"
3    package="com.example.android.fingerprintdialog"
4    android:versionCode="1"
5    android:versionName="1.0" >
6
7    <uses-sdk
8        android:minSdkVersion="23"
8-->src/main/AndroidManifest.xml
9        android:targetSdkVersion="29" />
9-->src/main/AndroidManifest.xml
10
11    <uses-permission android:name="android.permission.USE_FINGERPRINT" />
11-->src/main/AndroidManifest.xml:8:5-74
11-->src/main/AndroidManifest.xml:8:22-71
12
13    <application
13-->src/main/AndroidManifest.xml:10:5-30:19
14        android:allowBackup="true"
14-->src/main/AndroidManifest.xml:11:9-35
15        android:debuggable="true"
16        android:extractNativeLibs="false"
17        android:icon="@mipmap/ic_launcher"
17-->src/main/AndroidManifest.xml:12:9-43
18        android:label="@string/application_name"
18-->src/main/AndroidManifest.xml:13:9-49
19        android:supportsRtl="true"
19-->src/main/AndroidManifest.xml:14:9-35
20        android:testOnly="true"
21        android:theme="@style/Theme.AppCompat.Light" >
21-->src/main/AndroidManifest.xml:15:9-53
22        <activity
22-->src/main/AndroidManifest.xml:17:9-25:20
23            android:name="com.example.android.fingerprintdialog.MainActivity"
23-->src/main/AndroidManifest.xml:18:13-41
24            android:label="@string/application_name" >
24-->src/main/AndroidManifest.xml:19:13-53
25            <intent-filter>
25-->src/main/AndroidManifest.xml:20:13-24:29
26                <action android:name="android.intent.action.MAIN" />
26-->src/main/AndroidManifest.xml:21:17-69
26-->src/main/AndroidManifest.xml:21:25-66
27
28                <category android:name="android.intent.category.LAUNCHER" />
28-->src/main/AndroidManifest.xml:23:17-77
28-->src/main/AndroidManifest.xml:23:27-74
29            </intent-filter>
30        </activity>
31        <activity
31-->src/main/AndroidManifest.xml:26:9-28:55
32            android:name="com.example.android.fingerprintdialog.SettingsActivity"
32-->src/main/AndroidManifest.xml:27:13-45
33            android:label="@string/action_settings" />
33-->src/main/AndroidManifest.xml:28:13-52
34        <activity android:name="com.example.android.fingerprintdialog.Administration" />
34-->src/main/AndroidManifest.xml:29:9-52
34-->src/main/AndroidManifest.xml:29:19-49
35
36        <provider
36-->[android.arch.lifecycle:extensions:1.1.1] AndroidManifest.xml:23:9-27:43
37            android:name="android.arch.lifecycle.ProcessLifecycleOwnerInitializer"
37-->[android.arch.lifecycle:extensions:1.1.1] AndroidManifest.xml:24:13-83
38            android:authorities="com.example.android.fingerprintdialog.lifecycle-trojan"
38-->[android.arch.lifecycle:extensions:1.1.1] AndroidManifest.xml:25:13-68
39            android:exported="false"
39-->[android.arch.lifecycle:extensions:1.1.1] AndroidManifest.xml:26:13-37
40            android:multiprocess="true" />
40-->[android.arch.lifecycle:extensions:1.1.1] AndroidManifest.xml:27:13-40
41
42        <meta-data
42-->[com.android.support:support-fragment:26.1.0] AndroidManifest.xml:26:9-28:38
43            android:name="android.support.VERSION"
43-->[com.android.support:support-fragment:26.1.0] AndroidManifest.xml:27:13-51
44            android:value="26.1.0" />
44-->[com.android.support:support-fragment:26.1.0] AndroidManifest.xml:28:13-35
45    </application>
46
47</manifest>